<?xml version="1.0" encoding="UTF-8"?>
<testsuite name="Smoke_Tests.SmokeTests" tests="5" skipped="0" failures="0" errors="0" timestamp="2023-07-01T19:04:57" hostname="DESKTOP-7BOF7NR" time="7.911">
  <properties/>
  <testcase name="checkTheContentOfTheMenuOfChoicesPart1" classname="Smoke_Tests.SmokeTests" time="2.597"/>
  <testcase name="checkTheContentOfTheMenuOfChoicesPart2" classname="Smoke_Tests.SmokeTests" time="0.997"/>
  <testcase name="checkButtonInStartingFrame" classname="Smoke_Tests.SmokeTests" time="0.999"/>
  <testcase name="checkIfTheUserCanEnterAtTheAlgebraTheoryTab" classname="Smoke_Tests.SmokeTests" time="2.499"/>
  <testcase name="testStartOfTheApp" classname="Smoke_Tests.SmokeTests" time="0.814"/>
  <system-out><![CDATA[]]></system-out>
  <system-err><![CDATA[]]></system-err>
</testsuite>
