<?xml version="1.0" encoding="UTF-8"?>
<testsuite name="Smoke_Tests.SmokeTests" tests="5" skipped="0" failures="0" errors="0" timestamp="2023-07-11T16:28:03" hostname="DESKTOP-7BOF7NR" time="6.087">
  <properties/>
  <testcase name="checkTheContentOfTheMenuOfChoicesPart1" classname="Smoke_Tests.SmokeTests" time="1.897"/>
  <testcase name="checkTheContentOfTheMenuOfChoicesPart2" classname="Smoke_Tests.SmokeTests" time="0.962"/>
  <testcase name="checkButtonInStartingFrame" classname="Smoke_Tests.SmokeTests" time="0.915"/>
  <testcase name="checkIfTheUserCanEnterAtTheAlgebraTheoryTab" classname="Smoke_Tests.SmokeTests" time="1.635"/>
  <testcase name="testStartOfTheApp" classname="Smoke_Tests.SmokeTests" time="0.675"/>
  <system-out><![CDATA[]]></system-out>
  <system-err><![CDATA[]]></system-err>
</testsuite>
